# JRE version: OpenJDK Runtime Environment Corretto-17.0.6.10.1 (17.0.6+10) (build 17.0.6+10-LTS)
# Java VM: OpenJDK 64-Bit Server VM Corretto-17.0.6.10.1 (17.0.6+10-LTS, mixed mode, sharing, tiered, compressed oops, compressed class ptrs, g1 gc, windows-amd64)
GC Precious Log:
 CPUs: 8 total, 8 available
 Memory: 6024M
 Large Page Support: Disabled
 NUMA Support: Disabled
 Compressed Oops: Enabled (32-bit)
 Heap Region Size: 1M
 Heap Min Capacity: 256M
 Heap Initial Capacity: 256M
 Heap Max Capacity: 512M
 Pre-touch: Disabled
 Parallel Workers: 8
 Concurrent Workers: 2
 Concurrent Refinement Workers: 8
 Periodic GC: Disabled
Heap:
 garbage-first heap   total 262144K, used 42948K [0x00000000e0000000, 0x0000000100000000)
  region size 1024K, 21 young (21504K), 10 survivors (10240K)
 Metaspace       used 37280K, committed 37632K, reserved 356352K
  class space    used 5130K, committed 5312K, reserved 315392K
GC Heap History (8 events):
Event: 2.620 GC heap before
{Heap before GC invocations=0 (full 0):
 garbage-first heap   total 262144K, used 26624K [0x00000000e0000000, 0x0000000100000000)
  region size 1024K, 23 young (23552K), 0 survivors (0K)
 Metaspace       used 3081K, committed 3200K, reserved 323584K
  class space    used 394K, committed 448K, reserved 315392K
}
Event: 2.637 GC heap after
{Heap after GC invocations=1 (full 0):
 garbage-first heap   total 262144K, used 10875K [0x00000000e0000000, 0x0000000100000000)
  region size 1024K, 3 young (3072K), 3 survivors (3072K)
 Metaspace       used 3081K, committed 3200K, reserved 323584K
  class space    used 394K, committed 448K, reserved 315392K
}
Event: 4.205 GC heap before
{Heap before GC invocations=1 (full 0):
 garbage-first heap   total 262144K, used 36475K [0x00000000e0000000, 0x0000000100000000)
  region size 1024K, 28 young (28672K), 3 survivors (3072K)
 Metaspace       used 4007K, committed 4160K, reserved 323584K
  class space    used 491K, committed 576K, reserved 315392K
}
Event: 4.210 GC heap after
{Heap after GC invocations=2 (full 0):
 garbage-first heap   total 262144K, used 11628K [0x00000000e0000000, 0x0000000100000000)
  region size 1024K, 1 young (1024K), 1 survivors (1024K)
 Metaspace       used 4007K, committed 4160K, reserved 323584K
  class space    used 491K, committed 576K, reserved 315392K
}
Event: 12.048 GC heap before
{Heap before GC invocations=2 (full 0):
 garbage-first heap   total 262144K, used 128364K [0x00000000e0000000, 0x0000000100000000)
  region size 1024K, 115 young (117760K), 1 survivors (1024K)
 Metaspace       used 21181K, committed 21504K, reserved 339968K
  class space    used 3154K, committed 3328K, reserved 315392K
}
Event: 12.063 GC heap after
{Heap after GC invocations=3 (full 0):
 garbage-first heap   total 262144K, used 22427K [0x00000000e0000000, 0x0000000100000000)
  region size 1024K, 12 young (12288K), 12 survivors (12288K)
 Metaspace       used 21181K, committed 21504K, reserved 339968K
  class space    used 3154K, committed 3328K, reserved 315392K
}
Event: 17.244 GC heap before
{Heap before GC invocations=4 (full 0):
 garbage-first heap   total 262144K, used 138139K [0x00000000e0000000, 0x0000000100000000)
  region size 1024K, 122 young (124928K), 12 survivors (12288K)
 Metaspace       used 35738K, committed 36096K, reserved 348160K
  class space    used 4994K, committed 5184K, reserved 315392K
}
Event: 17.269 GC heap after
{Heap after GC invocations=5 (full 0):
 garbage-first heap   total 262144K, used 31684K [0x00000000e0000000, 0x0000000100000000)
  region size 1024K, 10 young (10240K), 10 survivors (10240K)
 Metaspace       used 35738K, committed 36096K, reserved 348160K
  class space    used 4994K, committed 5184K, reserved 315392K
}

