# JRE version: OpenJDK Runtime Environment Corretto-17.0.6.10.1 (17.0.6+10) (build 17.0.6+10-LTS)
# Java VM: OpenJDK 64-Bit Server VM Corretto-17.0.6.10.1 (17.0.6+10-LTS, mixed mode, emulated-client, sharing, tiered, compressed oops, compressed class ptrs, g1 gc, windows-amd64)
GC Precious Log:
 CPUs: 8 total, 8 available
 Memory: 6024M
 Large Page Support: Disabled
 NUMA Support: Disabled
 Compressed Oops: Enabled (32-bit)
 Heap Region Size: 1M
 Heap Min Capacity: 8M
 Heap Initial Capacity: 96M
 Heap Max Capacity: 1508M
 Pre-touch: Disabled
 Parallel Workers: 8
 Concurrent Workers: 2
 Concurrent Refinement Workers: 8
 Periodic GC: Disabled
Heap:
 garbage-first heap   total 48128K, used 23185K [0x00000000a1c00000, 0x0000000100000000)
  region size 1024K, 11 young (11264K), 2 survivors (2048K)
 Metaspace       used 29951K, committed 30656K, reserved 1081344K
  class space    used 4081K, committed 4352K, reserved 1048576K
GC Heap History (20 events):
Event: 242.536 GC heap before
{Heap before GC invocations=11 (full 2):
 garbage-first heap   total 40960K, used 29309K [0x00000000a1c00000, 0x0000000100000000)
  region size 1024K, 16 young (16384K), 0 survivors (0K)
 Metaspace       used 29898K, committed 30656K, reserved 1081344K
  class space    used 4072K, committed 4352K, reserved 1048576K
}
Event: 242.540 GC heap after
{Heap after GC invocations=12 (full 2):
 garbage-first heap   total 40960K, used 14436K [0x00000000a1c00000, 0x0000000100000000)
  region size 1024K, 2 young (2048K), 2 survivors (2048K)
 Metaspace       used 29898K, committed 30656K, reserved 1081344K
  class space    used 4072K, committed 4352K, reserved 1048576K
}
Event: 435.816 GC heap before
{Heap before GC invocations=12 (full 2):
 garbage-first heap   total 40960K, used 28772K [0x00000000a1c00000, 0x0000000100000000)
  region size 1024K, 16 young (16384K), 2 survivors (2048K)
 Metaspace       used 29905K, committed 30656K, reserved 1081344K
  class space    used 4073K, committed 4352K, reserved 1048576K
}
Event: 435.884 GC heap after
{Heap after GC invocations=13 (full 2):
 garbage-first heap   total 40960K, used 15022K [0x00000000a1c00000, 0x0000000100000000)
  region size 1024K, 2 young (2048K), 2 survivors (2048K)
 Metaspace       used 29905K, committed 30656K, reserved 1081344K
  class space    used 4073K, committed 4352K, reserved 1048576K
}
Event: 540.584 GC heap before
{Heap before GC invocations=13 (full 2):
 garbage-first heap   total 40960K, used 17070K [0x00000000a1c00000, 0x0000000100000000)
  region size 1024K, 5 young (5120K), 2 survivors (2048K)
 Metaspace       used 29908K, committed 30656K, reserved 1081344K
  class space    used 4073K, committed 4352K, reserved 1048576K
}
Event: 540.901 GC heap after
{Heap after GC invocations=14 (full 3):
 garbage-first heap   total 40960K, used 11372K [0x00000000a1c00000, 0x0000000100000000)
  region size 1024K, 0 young (0K), 0 survivors (0K)
 Metaspace       used 29880K, committed 30656K, reserved 1081344K
  class space    used 4069K, committed 4352K, reserved 1048576K
}
Event: 541.715 GC heap before
{Heap before GC invocations=14 (full 3):
 garbage-first heap   total 40960K, used 28780K [0x00000000a1c00000, 0x0000000100000000)
  region size 1024K, 17 young (17408K), 0 survivors (0K)
 Metaspace       used 29907K, committed 30656K, reserved 1081344K
  class space    used 4073K, committed 4352K, reserved 1048576K
}
Event: 541.723 GC heap after
{Heap after GC invocations=15 (full 3):
 garbage-first heap   total 40960K, used 13174K [0x00000000a1c00000, 0x0000000100000000)
  region size 1024K, 2 young (2048K), 2 survivors (2048K)
 Metaspace       used 29907K, committed 30656K, reserved 1081344K
  class space    used 4073K, committed 4352K, reserved 1048576K
}
Event: 543.742 GC heap before
{Heap before GC invocations=15 (full 3):
 garbage-first heap   total 40960K, used 26486K [0x00000000a1c00000, 0x0000000100000000)
  region size 1024K, 16 young (16384K), 2 survivors (2048K)
 Metaspace       used 29919K, committed 30656K, reserved 1081344K
  class space    used 4076K, committed 4352K, reserved 1048576K
}
Event: 543.790 GC heap after
{Heap after GC invocations=16 (full 4):
 garbage-first heap   total 40960K, used 12936K [0x00000000a1c00000, 0x0000000100000000)
  region size 1024K, 0 young (0K), 0 survivors (0K)
 Metaspace       used 29908K, committed 30656K, reserved 1081344K
  class space    used 4074K, committed 4352K, reserved 1048576K
}
Event: 544.364 GC heap before
{Heap before GC invocations=16 (full 4):
 garbage-first heap   total 40960K, used 29320K [0x00000000a1c00000, 0x0000000100000000)
  region size 1024K, 16 young (16384K), 0 survivors (0K)
 Metaspace       used 29911K, committed 30656K, reserved 1081344K
  class space    used 4075K, committed 4352K, reserved 1048576K
}
Event: 544.374 GC heap after
{Heap after GC invocations=17 (full 4):
 garbage-first heap   total 54272K, used 14517K [0x00000000a1c00000, 0x0000000100000000)
  region size 1024K, 2 young (2048K), 2 survivors (2048K)
 Metaspace       used 29911K, committed 30656K, reserved 1081344K
  class space    used 4075K, committed 4352K, reserved 1048576K
}
Event: 664.989 GC heap before
{Heap before GC invocations=17 (full 4):
 garbage-first heap   total 54272K, used 28853K [0x00000000a1c00000, 0x0000000100000000)
  region size 1024K, 17 young (17408K), 2 survivors (2048K)
 Metaspace       used 29919K, committed 30656K, reserved 1081344K
  class space    used 4076K, committed 4352K, reserved 1048576K
}
Event: 665.253 GC heap after
{Heap after GC invocations=18 (full 5):
 garbage-first heap   total 54272K, used 13000K [0x00000000a1c00000, 0x0000000100000000)
  region size 1024K, 0 young (0K), 0 survivors (0K)
 Metaspace       used 29916K, committed 30656K, reserved 1081344K
  class space    used 4075K, committed 4352K, reserved 1048576K
}
Event: 666.272 GC heap before
{Heap before GC invocations=18 (full 5):
 garbage-first heap   total 54272K, used 36552K [0x00000000a1c00000, 0x0000000100000000)
  region size 1024K, 23 young (23552K), 0 survivors (0K)
 Metaspace       used 29930K, committed 30656K, reserved 1081344K
  class space    used 4078K, committed 4352K, reserved 1048576K
}
Event: 666.283 GC heap after
{Heap after GC invocations=19 (full 5):
 garbage-first heap   total 54272K, used 15219K [0x00000000a1c00000, 0x0000000100000000)
  region size 1024K, 3 young (3072K), 3 survivors (3072K)
 Metaspace       used 29930K, committed 30656K, reserved 1081344K
  class space    used 4078K, committed 4352K, reserved 1048576K
}
Event: 667.909 GC heap before
{Heap before GC invocations=19 (full 5):
 garbage-first heap   total 54272K, used 20339K [0x00000000a1c00000, 0x0000000100000000)
  region size 1024K, 9 young (9216K), 3 survivors (3072K)
 Metaspace       used 29933K, committed 30656K, reserved 1081344K
  class space    used 4079K, committed 4352K, reserved 1048576K
}
Event: 667.956 GC heap after
{Heap after GC invocations=20 (full 6):
 garbage-first heap   total 48128K, used 12959K [0x00000000a1c00000, 0x0000000100000000)
  region size 1024K, 0 young (0K), 0 survivors (0K)
 Metaspace       used 29913K, committed 30656K, reserved 1081344K
  class space    used 4075K, committed 4352K, reserved 1048576K
}
Event: 668.531 GC heap before
{Heap before GC invocations=20 (full 6):
 garbage-first heap   total 48128K, used 33439K [0x00000000a1c00000, 0x0000000100000000)
  region size 1024K, 21 young (21504K), 0 survivors (0K)
 Metaspace       used 29938K, committed 30656K, reserved 1081344K
  class space    used 4079K, committed 4352K, reserved 1048576K
}
Event: 668.539 GC heap after
{Heap after GC invocations=21 (full 6):
 garbage-first heap   total 48128K, used 14993K [0x00000000a1c00000, 0x0000000100000000)
  region size 1024K, 2 young (2048K), 2 survivors (2048K)
 Metaspace       used 29938K, committed 30656K, reserved 1081344K
  class space    used 4079K, committed 4352K, reserved 1048576K
}

