# JRE version: OpenJDK Runtime Environment Corretto-17.0.6.10.1 (17.0.6+10) (build 17.0.6+10-LTS)
# Java VM: OpenJDK 64-Bit Server VM Corretto-17.0.6.10.1 (17.0.6+10-LTS, mixed mode, sharing, tiered, compressed oops, compressed class ptrs, g1 gc, windows-amd64)
GC Precious Log:
 CPUs: 8 total, 8 available
 Memory: 6024M
 Large Page Support: Disabled
 NUMA Support: Disabled
 Compressed Oops: Enabled (32-bit)
 Heap Region Size: 1M
 Heap Min Capacity: 256M
 Heap Initial Capacity: 256M
 Heap Max Capacity: 512M
 Pre-touch: Disabled
 Parallel Workers: 8
 Concurrent Workers: 2
 Concurrent Refinement Workers: 8
 Periodic GC: Disabled
Heap:
 garbage-first heap   total 262144K, used 205534K [0x00000000e0000000, 0x0000000100000000)
  region size 1024K, 87 young (89088K), 5 survivors (5120K)
 Metaspace       used 82364K, committed 84352K, reserved 389120K
  class space    used 10906K, committed 11648K, reserved 315392K
GC Heap History (20 events):
Event: 319.159 GC heap before
{Heap before GC invocations=35 (full 0):
 garbage-first heap   total 262144K, used 213800K [0x00000000e0000000, 0x0000000100000000)
  region size 1024K, 101 young (103424K), 14 survivors (14336K)
 Metaspace       used 82507K, committed 83328K, reserved 389120K
  class space    used 11116K, committed 11520K, reserved 315392K
}
Event: 319.194 GC heap after
{Heap after GC invocations=36 (full 0):
 garbage-first heap   total 262144K, used 132999K [0x00000000e0000000, 0x0000000100000000)
  region size 1024K, 7 young (7168K), 7 survivors (7168K)
 Metaspace       used 82507K, committed 83328K, reserved 389120K
  class space    used 11116K, committed 11520K, reserved 315392K
}
Event: 390.276 GC heap before
{Heap before GC invocations=36 (full 0):
 garbage-first heap   total 262144K, used 214919K [0x00000000e0000000, 0x0000000100000000)
  region size 1024K, 88 young (90112K), 7 survivors (7168K)
 Metaspace       used 83497K, committed 84352K, reserved 389120K
  class space    used 11227K, committed 11648K, reserved 315392K
}
Event: 390.528 GC heap after
{Heap after GC invocations=37 (full 0):
 garbage-first heap   total 262144K, used 140467K [0x00000000e0000000, 0x0000000100000000)
  region size 1024K, 10 young (10240K), 10 survivors (10240K)
 Metaspace       used 83497K, committed 84352K, reserved 389120K
  class space    used 11227K, committed 11648K, reserved 315392K
}
Event: 502.841 GC heap before
{Heap before GC invocations=38 (full 0):
 garbage-first heap   total 262144K, used 214195K [0x00000000e0000000, 0x0000000100000000)
  region size 1024K, 83 young (84992K), 10 survivors (10240K)
 Metaspace       used 83790K, committed 84608K, reserved 389120K
  class space    used 11237K, committed 11648K, reserved 315392K
}
Event: 502.935 GC heap after
{Heap after GC invocations=39 (full 0):
 garbage-first heap   total 262144K, used 141893K [0x00000000e0000000, 0x0000000100000000)
  region size 1024K, 7 young (7168K), 7 survivors (7168K)
 Metaspace       used 83790K, committed 84608K, reserved 389120K
  class space    used 11237K, committed 11648K, reserved 315392K
}
Event: 503.042 GC heap before
{Heap before GC invocations=39 (full 0):
 garbage-first heap   total 262144K, used 145989K [0x00000000e0000000, 0x0000000100000000)
  region size 1024K, 12 young (12288K), 7 survivors (7168K)
 Metaspace       used 83790K, committed 84608K, reserved 389120K
  class space    used 11237K, committed 11648K, reserved 315392K
}
Event: 503.084 GC heap after
{Heap after GC invocations=40 (full 0):
 garbage-first heap   total 262144K, used 140220K [0x00000000e0000000, 0x0000000100000000)
  region size 1024K, 2 young (2048K), 2 survivors (2048K)
 Metaspace       used 83790K, committed 84608K, reserved 389120K
  class space    used 11237K, committed 11648K, reserved 315392K
}
Event: 562.560 GC heap before
{Heap before GC invocations=40 (full 0):
 garbage-first heap   total 262144K, used 214972K [0x00000000e0000000, 0x0000000100000000)
  region size 1024K, 76 young (77824K), 2 survivors (2048K)
 Metaspace       used 84072K, committed 84928K, reserved 389120K
  class space    used 11238K, committed 11648K, reserved 315392K
}
Event: 562.606 GC heap after
{Heap after GC invocations=41 (full 0):
 garbage-first heap   total 262144K, used 144653K [0x00000000e0000000, 0x0000000100000000)
  region size 1024K, 6 young (6144K), 6 survivors (6144K)
 Metaspace       used 84072K, committed 84928K, reserved 389120K
  class space    used 11238K, committed 11648K, reserved 315392K
}
Event: 617.878 GC heap before
{Heap before GC invocations=42 (full 0):
 garbage-first heap   total 262144K, used 215309K [0x00000000e0000000, 0x0000000100000000)
  region size 1024K, 76 young (77824K), 6 survivors (6144K)
 Metaspace       used 80966K, committed 84160K, reserved 389120K
  class space    used 10786K, committed 11648K, reserved 315392K
}
Event: 617.990 GC heap after
{Heap after GC invocations=43 (full 0):
 garbage-first heap   total 262144K, used 141778K [0x00000000e0000000, 0x0000000100000000)
  region size 1024K, 6 young (6144K), 6 survivors (6144K)
 Metaspace       used 80966K, committed 84160K, reserved 389120K
  class space    used 10786K, committed 11648K, reserved 315392K
}
Event: 765.891 GC heap before
{Heap before GC invocations=43 (full 0):
 garbage-first heap   total 262144K, used 147922K [0x00000000e0000000, 0x0000000100000000)
  region size 1024K, 12 young (12288K), 6 survivors (6144K)
 Metaspace       used 81022K, committed 84160K, reserved 389120K
  class space    used 10791K, committed 11648K, reserved 315392K
}
Event: 766.175 GC heap after
{Heap after GC invocations=44 (full 0):
 garbage-first heap   total 262144K, used 122142K [0x00000000e0000000, 0x0000000100000000)
  region size 1024K, 2 young (2048K), 2 survivors (2048K)
 Metaspace       used 81022K, committed 84160K, reserved 389120K
  class space    used 10791K, committed 11648K, reserved 315392K
}
Event: 860.080 GC heap before
{Heap before GC invocations=44 (full 0):
 garbage-first heap   total 262144K, used 212254K [0x00000000e0000000, 0x0000000100000000)
  region size 1024K, 91 young (93184K), 2 survivors (2048K)
 Metaspace       used 81815K, committed 84224K, reserved 389120K
  class space    used 10895K, committed 11648K, reserved 315392K
}
Event: 860.166 GC heap after
{Heap after GC invocations=45 (full 0):
 garbage-first heap   total 262144K, used 122755K [0x00000000e0000000, 0x0000000100000000)
  region size 1024K, 2 young (2048K), 2 survivors (2048K)
 Metaspace       used 81815K, committed 84224K, reserved 389120K
  class space    used 10895K, committed 11648K, reserved 315392K
}
Event: 969.340 GC heap before
{Heap before GC invocations=45 (full 0):
 garbage-first heap   total 262144K, used 215939K [0x00000000e0000000, 0x0000000100000000)
  region size 1024K, 94 young (96256K), 2 survivors (2048K)
 Metaspace       used 82075K, committed 84288K, reserved 389120K
  class space    used 10908K, committed 11648K, reserved 315392K
}
Event: 969.418 GC heap after
{Heap after GC invocations=46 (full 0):
 garbage-first heap   total 262144K, used 124389K [0x00000000e0000000, 0x0000000100000000)
  region size 1024K, 4 young (4096K), 4 survivors (4096K)
 Metaspace       used 82075K, committed 84288K, reserved 389120K
  class space    used 10908K, committed 11648K, reserved 315392K
}
Event: 1047.489 GC heap before
{Heap before GC invocations=46 (full 0):
 garbage-first heap   total 262144K, used 216549K [0x00000000e0000000, 0x0000000100000000)
  region size 1024K, 95 young (97280K), 4 survivors (4096K)
 Metaspace       used 82252K, committed 84352K, reserved 389120K
  class space    used 10908K, committed 11648K, reserved 315392K
}
Event: 1047.545 GC heap after
{Heap after GC invocations=47 (full 0):
 garbage-first heap   total 262144K, used 125662K [0x00000000e0000000, 0x0000000100000000)
  region size 1024K, 5 young (5120K), 5 survivors (5120K)
 Metaspace       used 82252K, committed 84352K, reserved 389120K
  class space    used 10908K, committed 11648K, reserved 315392K
}

