# JRE version: OpenJDK Runtime Environment Corretto-17.0.6.10.1 (17.0.6+10) (build 17.0.6+10-LTS)
# Java VM: OpenJDK 64-Bit Server VM Corretto-17.0.6.10.1 (17.0.6+10-LTS, mixed mode, sharing, tiered, compressed oops, compressed class ptrs, g1 gc, windows-amd64)
GC Precious Log:
 CPUs: 8 total, 8 available
 Memory: 6024M
 Large Page Support: Disabled
 NUMA Support: Disabled
 Compressed Oops: Enabled (32-bit)
 Heap Region Size: 1M
 Heap Min Capacity: 256M
 Heap Initial Capacity: 256M
 Heap Max Capacity: 512M
 Pre-touch: Disabled
 Parallel Workers: 8
 Concurrent Workers: 2
 Concurrent Refinement Workers: 8
 Periodic GC: Disabled
Heap:
 garbage-first heap   total 262144K, used 88756K [0x00000000e0000000, 0x0000000100000000)
  region size 1024K, 59 young (60416K), 10 survivors (10240K)
 Metaspace       used 51573K, committed 52096K, reserved 364544K
  class space    used 7266K, committed 7488K, reserved 315392K
GC Heap History (10 events):
Event: 3.427 GC heap before
{Heap before GC invocations=0 (full 0):
 garbage-first heap   total 262144K, used 26624K [0x00000000e0000000, 0x0000000100000000)
  region size 1024K, 23 young (23552K), 0 survivors (0K)
 Metaspace       used 3093K, committed 3200K, reserved 323584K
  class space    used 394K, committed 448K, reserved 315392K
}
Event: 3.440 GC heap after
{Heap after GC invocations=1 (full 0):
 garbage-first heap   total 262144K, used 10571K [0x00000000e0000000, 0x0000000100000000)
  region size 1024K, 3 young (3072K), 3 survivors (3072K)
 Metaspace       used 3093K, committed 3200K, reserved 323584K
  class space    used 394K, committed 448K, reserved 315392K
}
Event: 4.569 GC heap before
{Heap before GC invocations=1 (full 0):
 garbage-first heap   total 262144K, used 36171K [0x00000000e0000000, 0x0000000100000000)
  region size 1024K, 28 young (28672K), 3 survivors (3072K)
 Metaspace       used 4010K, committed 4160K, reserved 323584K
  class space    used 491K, committed 576K, reserved 315392K
}
Event: 4.572 GC heap after
{Heap after GC invocations=2 (full 0):
 garbage-first heap   total 262144K, used 11687K [0x00000000e0000000, 0x0000000100000000)
  region size 1024K, 1 young (1024K), 1 survivors (1024K)
 Metaspace       used 4010K, committed 4160K, reserved 323584K
  class space    used 491K, committed 576K, reserved 315392K
}
Event: 9.757 GC heap before
{Heap before GC invocations=2 (full 0):
 garbage-first heap   total 262144K, used 129447K [0x00000000e0000000, 0x0000000100000000)
  region size 1024K, 116 young (118784K), 1 survivors (1024K)
 Metaspace       used 21160K, committed 21504K, reserved 339968K
  class space    used 3153K, committed 3328K, reserved 315392K
}
Event: 9.769 GC heap after
{Heap after GC invocations=3 (full 0):
 garbage-first heap   total 262144K, used 22511K [0x00000000e0000000, 0x0000000100000000)
  region size 1024K, 12 young (12288K), 12 survivors (12288K)
 Metaspace       used 21160K, committed 21504K, reserved 339968K
  class space    used 3153K, committed 3328K, reserved 315392K
}
Event: 13.232 GC heap before
{Heap before GC invocations=4 (full 0):
 garbage-first heap   total 262144K, used 137199K [0x00000000e0000000, 0x0000000100000000)
  region size 1024K, 121 young (123904K), 12 survivors (12288K)
 Metaspace       used 35545K, committed 35968K, reserved 348160K
  class space    used 4965K, committed 5184K, reserved 315392K
}
Event: 13.249 GC heap after
{Heap after GC invocations=5 (full 0):
 garbage-first heap   total 262144K, used 31966K [0x00000000e0000000, 0x0000000100000000)
  region size 1024K, 10 young (10240K), 10 survivors (10240K)
 Metaspace       used 35545K, committed 35968K, reserved 348160K
  class space    used 4965K, committed 5184K, reserved 315392K
}
Event: 18.897 GC heap before
{Heap before GC invocations=6 (full 0):
 garbage-first heap   total 262144K, used 162014K [0x00000000e0000000, 0x0000000100000000)
  region size 1024K, 136 young (139264K), 10 survivors (10240K)
 Metaspace       used 48160K, committed 48704K, reserved 364544K
  class space    used 6808K, committed 7040K, reserved 315392K
}
Event: 18.928 GC heap after
{Heap after GC invocations=7 (full 0):
 garbage-first heap   total 262144K, used 40628K [0x00000000e0000000, 0x0000000100000000)
  region size 1024K, 10 young (10240K), 10 survivors (10240K)
 Metaspace       used 48160K, committed 48704K, reserved 364544K
  class space    used 6808K, committed 7040K, reserved 315392K
}

